<?xml version="1.0" encoding="UTF-8"?>
<testsuite xmlns:xsi="http://www.w3.org/2001/XMLSchema-instance" xsi:noNamespaceSchemaLocation="https://maven.apache.org/surefire/maven-surefire-plugin/xsd/surefire-test-report-3.0.xsd" version="3.0" name="com.example.Actividad01EmpleadoApplicationTests" time="15.269" tests="1" errors="0" skipped="0" failures="0">
  <properties>
[...]
</properties>
  <testcase name="contextLoads" classname="com.example.Actividad01EmpleadoApplicationTests" time="0.863">
    <system-out><![CDATA[17:53:39.602 [main] INFO org.springframework.test.context.support.AnnotationConfigContextLoaderUtils -- Could not detect default configuration classes for test class [com.example.Actividad01EmpleadoApplicationTests]: Actividad01EmpleadoApplicationTests does not declare any static, non-private, non-final, nested classes annotated with @Configuration.
17:53:39.835 [main] INFO org.springframework.boot.test.context.SpringBootTestContextBootstrapper -- Found @SpringBootConfiguration com.example.Actividad01EmpleadoApplication for test class com.example.Actividad01EmpleadoApplicationTests

  .   ____          _            __ _ _
 /\\ / ___'_ __ _ _(_)_ __  __ _ \ \ \ \
( ( )\___ | '_ | '_| | '_ \/ _` | \ \ \ \
 \\/  ___)| |_)| | | | | || (_| |  ) ) ) )
  '  |____| .__|_| |_|_| |_\__, | / / / /
 =========|_|==============|___/=/_/_/_/
 :: Spring Boot ::                (v3.1.3)

2023-11-05T17:53:40.815-05:00  INFO 7632 --- [           main] c.e.Actividad01EmpleadoApplicationTests  : Starting Actividad01EmpleadoApplicationTests using Java 17.0.8 with PID 7632 (started by Franklin in C:\Users\Franklin\Documents\WS_DAWII_2023_2\actividad01-backend)
2023-11-05T17:53:40.818-05:00  INFO 7632 --- [           main] c.e.Actividad01EmpleadoApplicationTests  : No active profile set, falling back to 1 default profile: "default"
2023-11-05T17:53:42.073-05:00  INFO 7632 --- [           main] .s.d.r.c.RepositoryConfigurationDelegate : Bootstrapping Spring Data JPA repositories in DEFAULT mode.
2023-11-05T17:53:42.256-05:00  INFO 7632 --- [           main] .s.d.r.c.RepositoryConfigurationDelegate : Finished Spring Data repository scanning in 166 ms. Found 5 JPA repository interfaces.
2023-11-05T17:53:43.163-05:00  INFO 7632 --- [           main] o.hibernate.jpa.internal.util.LogHelper  : HHH000204: Processing PersistenceUnitInfo [name: default]
2023-11-05T17:53:43.311-05:00  INFO 7632 --- [           main] org.hibernate.Version                    : HHH000412: Hibernate ORM core version 6.2.7.Final
2023-11-05T17:53:43.316-05:00  INFO 7632 --- [           main] org.hibernate.cfg.Environment            : HHH000406: Using bytecode reflection optimizer
2023-11-05T17:53:43.744-05:00 DEBUG 7632 --- [           main] org.hibernate.type.BasicTypeRegistry     : Adding type registration boolean -> org.hibernate.type.BasicTypeReference@4351ed61
2023-11-05T17:53:43.745-05:00 DEBUG 7632 --- [           main] org.hibernate.type.BasicTypeRegistry     : Adding type registration boolean -> org.hibernate.type.BasicTypeReference@4351ed61
2023-11-05T17:53:43.745-05:00 DEBUG 7632 --- [           main] org.hibernate.type.BasicTypeRegistry     : Adding type registration java.lang.Boolean -> org.hibernate.type.BasicTypeReference@4351ed61
2023-11-05T17:53:43.746-05:00 DEBUG 7632 --- [           main] org.hibernate.type.BasicTypeRegistry     : Adding type registration numeric_boolean -> org.hibernate.type.BasicTypeReference@2f20f7ad
2023-11-05T17:53:43.746-05:00 DEBUG 7632 --- [           main] org.hibernate.type.BasicTypeRegistry     : Adding type registration org.hibernate.type.NumericBooleanConverter -> org.hibernate.type.BasicTypeReference@2f20f7ad
2023-11-05T17:53:43.746-05:00 DEBUG 7632 --- [           main] org.hibernate.type.BasicTypeRegistry     : Adding type registration true_false -> org.hibernate.type.BasicTypeReference@45e617c4
2023-11-05T17:53:43.746-05:00 DEBUG 7632 --- [           main] org.hibernate.type.BasicTypeRegistry     : Adding type registration org.hibernate.type.TrueFalseConverter -> org.hibernate.type.BasicTypeReference@45e617c4
2023-11-05T17:53:43.746-05:00 DEBUG 7632 --- [           main] org.hibernate.type.BasicTypeRegistry     : Adding type registration yes_no -> org.hibernate.type.BasicTypeReference@5042e3d0
2023-11-05T17:53:43.746-05:00 DEBUG 7632 --- [           main] org.hibernate.type.BasicTypeRegistry     : Adding type registration org.hibernate.type.YesNoConverter -> org.hibernate.type.BasicTypeReference@5042e3d0
2023-11-05T17:53:43.747-05:00 DEBUG 7632 --- [           main] org.hibernate.type.BasicTypeRegistry     : Adding type registration byte -> org.hibernate.type.BasicTypeReference@1c34365c
2023-11-05T17:53:43.747-05:00 DEBUG 7632 --- [           main] org.hibernate.type.BasicTypeRegistry     : Adding type registration byte -> org.hibernate.type.BasicTypeReference@1c34365c
2023-11-05T17:53:43.747-05:00 DEBUG 7632 --- [           main] org.hibernate.type.BasicTypeRegistry     : Adding type registration java.lang.Byte -> org.hibernate.type.BasicTypeReference@1c34365c
2023-11-05T17:53:43.748-05:00 DEBUG 7632 --- [           main] org.hibernate.type.BasicTypeRegistry     : Adding type registration binary -> org.hibernate.type.BasicTypeReference@348137e8
2023-11-05T17:53:43.749-05:00 DEBUG 7632 --- [           main] org.hibernate.type.BasicTypeRegistry     : Adding type registration byte[] -> org.hibernate.type.BasicTypeReference@348137e8
2023-11-05T17:53:43.750-05:00 DEBUG 7632 --- [           main] org.hibernate.type.BasicTypeRegistry     : Adding type registration [B -> org.hibernate.type.BasicTypeReference@348137e8
2023-11-05T17:53:43.751-05:00 DEBUG 7632 --- [           main] org.hibernate.type.BasicTypeRegistry     : Adding type registration binary_wrapper -> org.hibernate.type.BasicTypeReference@3b0c3951
2023-11-05T17:53:43.751-05:00 DEBUG 7632 --- [           main] org.hibernate.type.BasicTypeRegistry     : Adding type registration wrapper-binary -> org.hibernate.type.BasicTypeReference@3b0c3951
2023-11-05T17:53:43.752-05:00 DEBUG 7632 --- [           main] org.hibernate.type.BasicTypeRegistry     : Adding type registration image -> org.hibernate.type.BasicTypeReference@60f77af
2023-11-05T17:53:43.752-05:00 DEBUG 7632 --- [           main] org.hibernate.type.BasicTypeRegistry     : Adding type registration blob -> org.hibernate.type.BasicTypeReference@2574a9e3
2023-11-05T17:53:43.752-05:00 DEBUG 7632 --- [           main] org.hibernate.type.BasicTypeRegistry     : Adding type registration java.sql.Blob -> org.hibernate.type.BasicTypeReference@2574a9e3
2023-11-05T17:53:43.752-05:00 DEBUG 7632 --- [           main] org.hibernate.type.BasicTypeRegistry     : Adding type registration materialized_blob -> org.hibernate.type.BasicTypeReference@18b6d3c1
2023-11-05T17:53:43.753-05:00 DEBUG 7632 --- [           main] org.hibernate.type.BasicTypeRegistry     : Adding type registration materialized_blob_wrapper -> org.hibernate.type.BasicTypeReference@422ab737
2023-11-05T17:53:43.753-05:00 DEBUG 7632 --- [           main] org.hibernate.type.BasicTypeRegistry     : Adding type registration short -> org.hibernate.type.BasicTypeReference@3fe512d2
2023-11-05T17:53:43.753-05:00 DEBUG 7632 --- [           main] org.hibernate.type.BasicTypeRegistry     : Adding type registration short -> org.hibernate.type.BasicTypeReference@3fe512d2
2023-11-05T17:53:43.753-05:00 DEBUG 7632 --- [           main] org.hibernate.type.BasicTypeRegistry     : Adding type registration java.lang.Short -> org.hibernate.type.BasicTypeReference@3fe512d2
2023-11-05T17:53:43.753-05:00 DEBUG 7632 --- [           main] org.hibernate.type.BasicTypeRegistry     : Adding type registration integer -> org.hibernate.type.BasicTypeReference@3fde8f7c
2023-11-05T17:53:43.754-05:00 DEBUG 7632 --- [           main] org.hibernate.type.BasicTypeRegistry     : Adding type registration int -> org.hibernate.type.BasicTypeReference@3fde8f7c
2023-11-05T17:53:43.754-05:00 DEBUG 7632 --- [           main] org.hibernate.type.BasicTypeRegistry     : Adding type registration java.lang.Integer -> org.hibernate.type.BasicTypeReference@3fde8f7c
2023-11-05T17:53:43.754-05:00 DEBUG 7632 --- [           main] org.hibernate.type.BasicTypeRegistry     : Adding type registration long -> org.hibernate.type.BasicTypeReference@11d86b9d
2023-11-05T17:53:43.755-05:00 DEBUG 7632 --- [           main] org.hibernate.type.BasicTypeRegistry     : Adding type registration long -> org.hibernate.type.BasicTypeReference@11d86b9d
2023-11-05T17:53:43.755-05:00 DEBUG 7632 --- [           main] org.hibernate.type.BasicTypeRegistry     : Adding type registration java.lang.Long -> org.hibernate.type.BasicTypeReference@11d86b9d
2023-11-05T17:53:43.755-05:00 DEBUG 7632 --- [           main] org.hibernate.type.BasicTypeRegistry     : Adding type registration float -> org.hibernate.type.BasicTypeReference@6dce59e
2023-11-05T17:53:43.755-05:00 DEBUG 7632 --- [           main] org.hibernate.type.BasicTypeRegistry     : Adding type registration float -> org.hibernate.type.BasicTypeReference@6dce59e
2023-11-05T17:53:43.756-05:00 DEBUG 7632 --- [           main] org.hibernate.type.BasicTypeRegistry     : Adding type registration java.lang.Float -> org.hibernate.type.BasicTypeReference@6dce59e
2023-11-05T17:53:43.756-05:00 DEBUG 7632 --- [           main] org.hibernate.type.BasicTypeRegistry     : Adding type registration double -> org.hibernate.type.BasicTypeReference@11381415
2023-11-05T17:53:43.756-05:00 DEBUG 7632 --- [           main] org.hibernate.type.BasicTypeRegistry     : Adding type registration double -> org.hibernate.type.BasicTypeReference@11381415
2023-11-05T17:53:43.756-05:00 DEBUG 7632 --- [           main] org.hibernate.type.BasicTypeRegistry     : Adding type registration java.lang.Double -> org.hibernate.type.BasicTypeReference@11381415
2023-11-05T17:53:43.757-05:00 DEBUG 7632 --- [           main] org.hibernate.type.BasicTypeRegistry     : Adding type registration big_integer -> org.hibernate.type.BasicTypeReference@5ad6cc21
2023-11-05T17:53:43.757-05:00 DEBUG 7632 --- [           main] org.hibernate.type.BasicTypeRegistry     : Adding type registration java.math.BigInteger -> org.hibernate.type.BasicTypeReference@5ad6cc21
2023-11-05T17:53:43.757-05:00 DEBUG 7632 --- [           main] org.hibernate.type.BasicTypeRegistry     : Adding type registration big_decimal -> org.hibernate.type.BasicTypeReference@800d065
2023-11-05T17:53:43.757-05:00 DEBUG 7632 --- [           main] org.hibernate.type.BasicTypeRegistry     : Adding type registration java.math.BigDecimal -> org.hibernate.type.BasicTypeReference@800d065
2023-11-05T17:53:43.757-05:00 DEBUG 7632 --- [           main] org.hibernate.type.BasicTypeRegistry     : Adding type registration character -> org.hibernate.type.BasicTypeReference@691124ee
2023-11-05T17:53:43.758-05:00 DEBUG 7632 --- [           main] org.hibernate.type.BasicTypeRegistry     : Adding type registration char -> org.hibernate.type.BasicTypeReference@691124ee
2023-11-05T17:53:43.758-05:00 DEBUG 7632 --- [           main] org.hibernate.type.BasicTypeRegistry     : Adding type registration java.lang.Character -> org.hibernate.type.BasicTypeReference@691124ee
2023-11-05T17:53:43.758-05:00 DEBUG 7632 --- [           main] org.hibernate.type.BasicTypeRegistry     : Adding type registration character_nchar -> org.hibernate.type.BasicTypeReference@38d80d65
2023-11-05T17:53:43.758-05:00 DEBUG 7632 --- [           main] org.hibernate.type.BasicTypeRegistry     : Adding type registration string -> org.hibernate.type.BasicTypeReference@5403799b
2023-11-05T17:53:43.758-05:00 DEBUG 7632 --- [           main] org.hibernate.type.BasicTypeRegistry     : Adding type registration java.lang.String -> org.hibernate.type.BasicTypeReference@5403799b
2023-11-05T17:53:43.759-05:00 DEBUG 7632 --- [           main] org.hibernate.type.BasicTypeRegistry     : Adding type registration nstring -> org.hibernate.type.BasicTypeReference@5a0e0886
2023-11-05T17:53:43.759-05:00 DEBUG 7632 --- [           main] org.hibernate.type.BasicTypeRegistry     : Adding type registration characters -> org.hibernate.type.BasicTypeReference@3ad8717d
2023-11-05T17:53:43.759-05:00 DEBUG 7632 --- [           main] org.hibernate.type.BasicTypeRegistry     : Adding type registration char[] -> org.hibernate.type.BasicTypeReference@3ad8717d
2023-11-05T17:53:43.759-05:00 DEBUG 7632 --- [           main] org.hibernate.type.BasicTypeRegistry     : Adding type registration [C -> org.hibernate.type.BasicTypeReference@3ad8717d
2023-11-05T17:53:43.759-05:00 DEBUG 7632 --- [           main] org.hibernate.type.BasicTypeRegistry     : Adding type registration wrapper-characters -> org.hibernate.type.BasicTypeReference@4293e066
2023-11-05T17:53:43.760-05:00 DEBUG 7632 --- [           main] org.hibernate.type.BasicTypeRegistry     : Adding type registration text -> org.hibernate.type.BasicTypeReference@d13960e
2023-11-05T17:53:43.761-05:00 DEBUG 7632 --- [           main] org.hibernate.type.BasicTypeRegistry     : Adding type registration ntext -> org.hibernate.type.BasicTypeReference@27f3f512
2023-11-05T17:53:43.762-05:00 DEBUG 7632 --- [           main] org.hibernate.type.BasicTypeRegistry     : Adding type registration clob -> org.hibernate.type.BasicTypeReference@5e593b08
2023-11-05T17:53:43.762-05:00 DEBUG 7632 --- [           main] org.hibernate.type.BasicTypeRegistry     : Adding type registration java.sql.Clob -> org.hibernate.type.BasicTypeReference@5e593b08
2023-11-05T17:53:43.763-05:00 DEBUG 7632 --- [           main] org.hibernate.type.BasicTypeRegistry     : Adding type registration nclob -> org.hibernate.type.BasicTypeReference@3946075
2023-11-05T17:53:43.763-05:00 DEBUG 7632 --- [           main] org.hibernate.type.BasicTypeRegistry     : Adding type registration java.sql.NClob -> org.hibernate.type.BasicTypeReference@3946075
2023-11-05T17:53:43.764-05:00 DEBUG 7632 --- [           main] org.hibernate.type.BasicTypeRegistry     : Adding type registration materialized_clob -> org.hibernate.type.BasicTypeReference@122635ef
2023-11-05T17:53:43.764-05:00 DEBUG 7632 --- [           main] org.hibernate.type.BasicTypeRegistry     : Adding type registration materialized_clob_char_array -> org.hibernate.type.BasicTypeReference@2ac519dc
2023-11-05T17:53:43.764-05:00 DEBUG 7632 --- [           main] org.hibernate.type.BasicTypeRegistry     : Adding type registration materialized_clob_character_array -> org.hibernate.type.BasicTypeReference@3d53e6f7
2023-11-05T17:53:43.764-05:00 DEBUG 7632 --- [           main] org.hibernate.type.BasicTypeRegistry     : Adding type registration materialized_nclob -> org.hibernate.type.BasicTypeReference@1de4bee0
2023-11-05T17:53:43.765-05:00 DEBUG 7632 --- [           main] org.hibernate.type.BasicTypeRegistry     : Adding type registration materialized_nclob_character_array -> org.hibernate.type.BasicTypeReference@3ece79fe
2023-11-05T17:53:43.765-05:00 DEBUG 7632 --- [           main] org.hibernate.type.BasicTypeRegistry     : Adding type registration materialized_nclob_char_array -> org.hibernate.type.BasicTypeReference@3cc79c02
2023-11-05T17:53:43.765-05:00 DEBUG 7632 --- [           main] org.hibernate.type.BasicTypeRegistry     : Adding type registration Duration -> org.hibernate.type.BasicTypeReference@1e01b133
2023-11-05T17:53:43.765-05:00 DEBUG 7632 --- [           main] org.hibernate.type.BasicTypeRegistry     : Adding type registration java.time.Duration -> org.hibernate.type.BasicTypeReference@1e01b133
2023-11-05T17:53:43.765-05:00 DEBUG 7632 --- [           main] org.hibernate.type.BasicTypeRegistry     : Adding type registration LocalDateTime -> org.hibernate.type.BasicTypeReference@262a1fad
2023-11-05T17:53:43.766-05:00 DEBUG 7632 --- [           main] org.hibernate.type.BasicTypeRegistry     : Adding type registration java.time.LocalDateTime -> org.hibernate.type.BasicTypeReference@262a1fad
2023-11-05T17:53:43.766-05:00 DEBUG 7632 --- [           main] org.hibernate.type.BasicTypeRegistry     : Adding type registration LocalDate -> org.hibernate.type.BasicTypeReference@6be6931f
2023-11-05T17:53:43.766-05:00 DEBUG 7632 --- [           main] org.hibernate.type.BasicTypeRegistry     : Adding type registration java.time.LocalDate -> org.hibernate.type.BasicTypeReference@6be6931f
2023-11-05T17:53:43.766-05:00 DEBUG 7632 --- [           main] org.hibernate.type.BasicTypeRegistry     : Adding type registration LocalTime -> org.hibernate.type.BasicTypeReference@6b4125ed
2023-11-05T17:53:43.766-05:00 DEBUG 7632 --- [           main] org.hibernate.type.BasicTypeRegistry     : Adding type registration java.time.LocalTime -> org.hibernate.type.BasicTypeReference@6b4125ed
2023-11-05T17:53:43.766-05:00 DEBUG 7632 --- [           main] org.hibernate.type.BasicTypeRegistry     : Adding type registration OffsetDateTime -> org.hibernate.type.BasicTypeReference@78da899f
2023-11-05T17:53:43.766-05:00 DEBUG 7632 --- [           main] org.hibernate.type.BasicTypeRegistry     : Adding type registration java.time.OffsetDateTime -> org.hibernate.type.BasicTypeReference@78da899f
2023-11-05T17:53:43.766-05:00 DEBUG 7632 --- [           main] org.hibernate.type.BasicTypeRegistry     : Adding type registration OffsetDateTimeWithTimezone -> org.hibernate.type.BasicTypeReference@e7b265e
2023-11-05T17:53:43.767-05:00 DEBUG 7632 --- [           main] org.hibernate.type.BasicTypeRegistry     : Adding type registration OffsetDateTimeWithoutTimezone -> org.hibernate.type.BasicTypeReference@51da32e5
2023-11-05T17:53:43.767-05:00 DEBUG 7632 --- [           main] org.hibernate.type.BasicTypeRegistry     : Adding type registration OffsetTime -> org.hibernate.type.BasicTypeReference@33d60b7e
2023-11-05T17:53:43.767-05:00 DEBUG 7632 --- [           main] org.hibernate.type.BasicTypeRegistry     : Adding type registration java.time.OffsetTime -> org.hibernate.type.BasicTypeReference@33d60b7e
2023-11-05T17:53:43.767-05:00 DEBUG 7632 --- [           main] org.hibernate.type.BasicTypeRegistry     : Adding type registration OffsetTimeUtc -> org.hibernate.type.BasicTypeReference@1fecfaea
2023-11-05T17:53:43.767-05:00 DEBUG 7632 --- [           main] org.hibernate.type.BasicTypeRegistry     : Adding type registration OffsetTimeWithTimezone -> org.hibernate.type.BasicTypeReference@4872669f
2023-11-05T17:53:43.767-05:00 DEBUG 7632 --- [           main] org.hibernate.type.BasicTypeRegistry     : Adding type registration OffsetTimeWithoutTimezone -> org.hibernate.type.BasicTypeReference@483f286e
2023-11-05T17:53:43.767-05:00 DEBUG 7632 --- [           main] org.hibernate.type.BasicTypeRegistry     : Adding type registration ZonedDateTime -> org.hibernate.type.BasicTypeReference@4bb147ec
2023-11-05T17:53:43.767-05:00 DEBUG 7632 --- [           main] org.hibernate.type.BasicTypeRegistry     : Adding type registration java.time.ZonedDateTime -> org.hibernate.type.BasicTypeReference@4bb147ec
2023-11-05T17:53:43.767-05:00 DEBUG 7632 --- [           main] org.hibernate.type.BasicTypeRegistry     : Adding type registration ZonedDateTimeWithTimezone -> org.hibernate.type.BasicTypeReference@33f2cfda
2023-11-05T17:53:43.768-05:00 DEBUG 7632 --- [           main] org.hibernate.type.BasicTypeRegistry     : Adding type registration ZonedDateTimeWithoutTimezone -> org.hibernate.type.BasicTypeReference@68ef01a5
2023-11-05T17:53:43.768-05:00 DEBUG 7632 --- [           main] org.hibernate.type.BasicTypeRegistry     : Adding type registration date -> org.hibernate.type.BasicTypeReference@59a2388e
2023-11-05T17:53:43.768-05:00 DEBUG 7632 --- [           main] org.hibernate.type.BasicTypeRegistry     : Adding type registration java.sql.Date -> org.hibernate.type.BasicTypeReference@59a2388e
2023-11-05T17:53:43.768-05:00 DEBUG 7632 --- [           main] org.hibernate.type.BasicTypeRegistry     : Adding type registration time -> org.hibernate.type.BasicTypeReference@186d8a71
2023-11-05T17:53:43.768-05:00 DEBUG 7632 --- [           main] org.hibernate.type.BasicTypeRegistry     : Adding type registration java.sql.Time -> org.hibernate.type.BasicTypeReference@186d8a71
2023-11-05T17:53:43.768-05:00 DEBUG 7632 --- [           main] org.hibernate.type.BasicTypeRegistry     : Adding type registration timestamp -> org.hibernate.type.BasicTypeReference@3dc40ab9
2023-11-05T17:53:43.768-05:00 DEBUG 7632 --- [           main] org.hibernate.type.BasicTypeRegistry     : Adding type registration java.sql.Timestamp -> org.hibernate.type.BasicTypeReference@3dc40ab9
2023-11-05T17:53:43.768-05:00 DEBUG 7632 --- [           main] org.hibernate.type.BasicTypeRegistry     : Adding type registration java.util.Date -> org.hibernate.type.BasicTypeReference@3dc40ab9
2023-11-05T17:53:43.768-05:00 DEBUG 7632 --- [           main] org.hibernate.type.BasicTypeRegistry     : Adding type registration calendar -> org.hibernate.type.BasicTypeReference@2db6d68d
2023-11-05T17:53:43.769-05:00 DEBUG 7632 --- [           main] org.hibernate.type.BasicTypeRegistry     : Adding type registration java.util.Calendar -> org.hibernate.type.BasicTypeReference@2db6d68d
2023-11-05T17:53:43.769-05:00 DEBUG 7632 --- [           main] org.hibernate.type.BasicTypeRegistry     : Adding type registration java.util.GregorianCalendar -> org.hibernate.type.BasicTypeReference@2db6d68d
2023-11-05T17:53:43.769-05:00 DEBUG 7632 --- [           main] org.hibernate.type.BasicTypeRegistry     : Adding type registration calendar_date -> org.hibernate.type.BasicTypeReference@6518fdfd
2023-11-05T17:53:43.769-05:00 DEBUG 7632 --- [           main] org.hibernate.type.BasicTypeRegistry     : Adding type registration calendar_time -> org.hibernate.type.BasicTypeReference@11d2dd2d
2023-11-05T17:53:43.769-05:00 DEBUG 7632 --- [           main] org.hibernate.type.BasicTypeRegistry     : Adding type registration instant -> org.hibernate.type.BasicTypeReference@cde8c6c
2023-11-05T17:53:43.769-05:00 DEBUG 7632 --- [           main] org.hibernate.type.BasicTypeRegistry     : Adding type registration java.time.Instant -> org.hibernate.type.BasicTypeReference@cde8c6c
2023-11-05T17:53:43.769-05:00 DEBUG 7632 --- [           main] org.hibernate.type.BasicTypeRegistry     : Adding type registration uuid -> org.hibernate.type.BasicTypeReference@174721c4
2023-11-05T17:53:43.769-05:00 DEBUG 7632 --- [           main] org.hibernate.type.BasicTypeRegistry     : Adding type registration java.util.UUID -> org.hibernate.type.BasicTypeReference@174721c4
2023-11-05T17:53:43.769-05:00 DEBUG 7632 --- [           main] org.hibernate.type.BasicTypeRegistry     : Adding type registration pg-uuid -> org.hibernate.type.BasicTypeReference@174721c4
2023-11-05T17:53:43.769-05:00 DEBUG 7632 --- [           main] org.hibernate.type.BasicTypeRegistry     : Adding type registration uuid-binary -> org.hibernate.type.BasicTypeReference@3592c1c4
2023-11-05T17:53:43.770-05:00 DEBUG 7632 --- [           main] org.hibernate.type.BasicTypeRegistry     : Adding type registration uuid-char -> org.hibernate.type.BasicTypeReference@322e49ee
2023-11-05T17:53:43.770-05:00 DEBUG 7632 --- [           main] org.hibernate.type.BasicTypeRegistry     : Adding type registration class -> org.hibernate.type.BasicTypeReference@4aeb0e2b
2023-11-05T17:53:43.770-05:00 DEBUG 7632 --- [           main] org.hibernate.type.BasicTypeRegistry     : Adding type registration java.lang.Class -> org.hibernate.type.BasicTypeReference@4aeb0e2b
2023-11-05T17:53:43.770-05:00 DEBUG 7632 --- [           main] org.hibernate.type.BasicTypeRegistry     : Adding type registration currency -> org.hibernate.type.BasicTypeReference@648c5fb3
2023-11-05T17:53:43.770-05:00 DEBUG 7632 --- [           main] org.hibernate.type.BasicTypeRegistry     : Adding type registration Currency -> org.hibernate.type.BasicTypeReference@648c5fb3
2023-11-05T17:53:43.770-05:00 DEBUG 7632 --- [           main] org.hibernate.type.BasicTypeRegistry     : Adding type registration java.util.Currency -> org.hibernate.type.BasicTypeReference@648c5fb3
2023-11-05T17:53:43.770-05:00 DEBUG 7632 --- [           main] org.hibernate.type.BasicTypeRegistry     : Adding type registration locale -> org.hibernate.type.BasicTypeReference@47b33e07
2023-11-05T17:53:43.770-05:00 DEBUG 7632 --- [           main] org.hibernate.type.BasicTypeRegistry     : Adding type registration java.util.Locale -> org.hibernate.type.BasicTypeReference@47b33e07
2023-11-05T17:53:43.771-05:00 DEBUG 7632 --- [           main] org.hibernate.type.BasicTypeRegistry     : Adding type registration serializable -> org.hibernate.type.BasicTypeReference@7126e26
2023-11-05T17:53:43.771-05:00 DEBUG 7632 --- [           main] org.hibernate.type.BasicTypeRegistry     : Adding type registration java.io.Serializable -> org.hibernate.type.BasicTypeReference@7126e26
2023-11-05T17:53:43.771-05:00 DEBUG 7632 --- [           main] org.hibernate.type.BasicTypeRegistry     : Adding type registration timezone -> org.hibernate.type.BasicTypeReference@151ab2b9
2023-11-05T17:53:43.771-05:00 DEBUG 7632 --- [           main] org.hibernate.type.BasicTypeRegistry     : Adding type registration java.util.TimeZone -> org.hibernate.type.BasicTypeReference@151ab2b9
2023-11-05T17:53:43.771-05:00 DEBUG 7632 --- [           main] org.hibernate.type.BasicTypeRegistry     : Adding type registration ZoneOffset -> org.hibernate.type.BasicTypeReference@13ed066e
2023-11-05T17:53:43.771-05:00 DEBUG 7632 --- [           main] org.hibernate.type.BasicTypeRegistry     : Adding type registration java.time.ZoneOffset -> org.hibernate.type.BasicTypeReference@13ed066e
2023-11-05T17:53:43.771-05:00 DEBUG 7632 --- [           main] org.hibernate.type.BasicTypeRegistry     : Adding type registration url -> org.hibernate.type.BasicTypeReference@4d705112
2023-11-05T17:53:43.771-05:00 DEBUG 7632 --- [           main] org.hibernate.type.BasicTypeRegistry     : Adding type registration java.net.URL -> org.hibernate.type.BasicTypeReference@4d705112
2023-11-05T17:53:43.771-05:00 DEBUG 7632 --- [           main] org.hibernate.type.BasicTypeRegistry     : Adding type registration row_version -> org.hibernate.type.BasicTypeReference@590765c4
2023-11-05T17:53:43.781-05:00 DEBUG 7632 --- [           main] org.hibernate.type.BasicTypeRegistry     : Adding type registration object -> org.hibernate.type.JavaObjectType@62a54948
2023-11-05T17:53:43.781-05:00 DEBUG 7632 --- [           main] org.hibernate.type.BasicTypeRegistry     : Adding type registration java.lang.Object -> org.hibernate.type.JavaObjectType@62a54948
2023-11-05T17:53:43.787-05:00 DEBUG 7632 --- [           main] org.hibernate.type.BasicTypeRegistry     : Adding type registration null -> org.hibernate.type.NullType@5232e3f1
2023-11-05T17:53:43.788-05:00 DEBUG 7632 --- [           main] org.hibernate.type.BasicTypeRegistry     : Adding type registration imm_date -> org.hibernate.type.BasicTypeReference@6c8fe7a4
2023-11-05T17:53:43.789-05:00 DEBUG 7632 --- [           main] org.hibernate.type.BasicTypeRegistry     : Adding type registration imm_time -> org.hibernate.type.BasicTypeReference@2047981
2023-11-05T17:53:43.790-05:00 DEBUG 7632 --- [           main] org.hibernate.type.BasicTypeRegistry     : Adding type registration imm_timestamp -> org.hibernate.type.BasicTypeReference@2ad99cf3
2023-11-05T17:53:43.790-05:00 DEBUG 7632 --- [           main] org.hibernate.type.BasicTypeRegistry     : Adding type registration imm_calendar -> org.hibernate.type.BasicTypeReference@6f31df32
2023-11-05T17:53:43.790-05:00 DEBUG 7632 --- [           main] org.hibernate.type.BasicTypeRegistry     : Adding type registration imm_calendar_date -> org.hibernate.type.BasicTypeReference@7c90b7b7
2023-11-05T17:53:43.790-05:00 DEBUG 7632 --- [           main] org.hibernate.type.BasicTypeRegistry     : Adding type registration imm_calendar_time -> org.hibernate.type.BasicTypeReference@5d7911d5
2023-11-05T17:53:43.792-05:00 DEBUG 7632 --- [           main] org.hibernate.type.BasicTypeRegistry     : Adding type registration imm_binary -> org.hibernate.type.BasicTypeReference@3ba1308d
2023-11-05T17:53:43.794-05:00 DEBUG 7632 --- [           main] org.hibernate.type.BasicTypeRegistry     : Adding type registration imm_serializable -> org.hibernate.type.BasicTypeReference@5a08b084
2023-11-05T17:53:43.859-05:00  INFO 7632 --- [           main] o.h.b.i.BytecodeProviderInitiator        : HHH000021: Bytecode provider name : bytebuddy
2023-11-05T17:53:44.143-05:00  INFO 7632 --- [           main] o.s.o.j.p.SpringPersistenceUnitInfo      : No LoadTimeWeaver setup: ignoring JPA class transformer
2023-11-05T17:53:44.181-05:00  INFO 7632 --- [           main] com.zaxxer.hikari.HikariDataSource       : HikariPool-1 - Starting...
2023-11-05T17:53:47.051-05:00  INFO 7632 --- [           main] com.zaxxer.hikari.pool.HikariPool        : HikariPool-1 - Added connection com.mysql.cj.jdbc.ConnectionImpl@3e2d44f3
2023-11-05T17:53:47.058-05:00  INFO 7632 --- [           main] com.zaxxer.hikari.HikariDataSource       : HikariPool-1 - Start completed.
2023-11-05T17:53:47.636-05:00 DEBUG 7632 --- [           main] o.h.t.d.sql.spi.DdlTypeRegistry          : addDescriptor(12, org.hibernate.type.descriptor.sql.internal.CapacityDependentDdlType@6d420cdd) replaced previous registration(org.hibernate.type.descriptor.sql.internal.CapacityDependentDdlType@bd273b2)
2023-11-05T17:53:47.637-05:00 DEBUG 7632 --- [           main] o.h.t.d.sql.spi.DdlTypeRegistry          : addDescriptor(-9, org.hibernate.type.descriptor.sql.internal.CapacityDependentDdlType@78128dd0) replaced previous registration(org.hibernate.type.descriptor.sql.internal.CapacityDependentDdlType@55044b34)
2023-11-05T17:53:47.637-05:00 DEBUG 7632 --- [           main] o.h.t.d.sql.spi.DdlTypeRegistry          : addDescriptor(-3, org.hibernate.type.descriptor.sql.internal.CapacityDependentDdlType@28dd81ad) replaced previous registration(org.hibernate.type.descriptor.sql.internal.CapacityDependentDdlType@300a38e7)
2023-11-05T17:53:47.637-05:00 DEBUG 7632 --- [           main] o.h.t.d.sql.spi.DdlTypeRegistry          : addDescriptor(4003, org.hibernate.type.descriptor.sql.internal.DdlTypeImpl@5c9a4f3b) replaced previous registration(org.hibernate.type.descriptor.sql.internal.DdlTypeImpl@2bb0e277)
2023-11-05T17:53:47.637-05:00 DEBUG 7632 --- [           main] o.h.t.d.sql.spi.DdlTypeRegistry          : addDescriptor(4001, org.hibernate.type.descriptor.sql.internal.DdlTypeImpl@6f24ce45) replaced previous registration(org.hibernate.type.descriptor.sql.internal.DdlTypeImpl@e881e46)
2023-11-05T17:53:47.637-05:00 DEBUG 7632 --- [           main] o.h.t.d.sql.spi.DdlTypeRegistry          : addDescriptor(4002, org.hibernate.type.descriptor.sql.internal.DdlTypeImpl@657b3b) replaced previous registration(org.hibernate.type.descriptor.sql.internal.DdlTypeImpl@2cea921a)
2023-11-05T17:53:47.638-05:00 DEBUG 7632 --- [           main] o.h.t.d.sql.spi.DdlTypeRegistry          : addDescriptor(2004, org.hibernate.type.descriptor.sql.internal.CapacityDependentDdlType@65753724) replaced previous registration(org.hibernate.type.descriptor.sql.internal.DdlTypeImpl@2bc16fe2)
2023-11-05T17:53:47.638-05:00 DEBUG 7632 --- [           main] o.h.t.d.sql.spi.DdlTypeRegistry          : addDescriptor(2005, org.hibernate.type.descriptor.sql.internal.CapacityDependentDdlType@d66502) replaced previous registration(org.hibernate.type.descriptor.sql.internal.DdlTypeImpl@78545d40)
2023-11-05T17:53:47.638-05:00 DEBUG 7632 --- [           main] o.h.t.d.sql.spi.DdlTypeRegistry          : addDescriptor(2011, org.hibernate.type.descriptor.sql.internal.CapacityDependentDdlType@34549979) replaced previous registration(org.hibernate.type.descriptor.sql.internal.DdlTypeImpl@144a5e6e)
2023-11-05T17:53:47.641-05:00 DEBUG 7632 --- [           main] o.h.t.d.jdbc.spi.JdbcTypeRegistry        : addDescriptor(NCharTypeDescriptor) replaced previous registration(CharTypeDescriptor)
2023-11-05T17:53:47.642-05:00 DEBUG 7632 --- [           main] o.h.t.d.jdbc.spi.JdbcTypeRegistry        : addDescriptor(NVarcharTypeDescriptor) replaced previous registration(VarcharTypeDescriptor)
2023-11-05T17:53:47.643-05:00 DEBUG 7632 --- [           main] o.h.t.d.jdbc.spi.JdbcTypeRegistry        : addDescriptor(LongNVarcharTypeDescriptor) replaced previous registration(LongVarcharTypeDescriptor)
2023-11-05T17:53:47.648-05:00 DEBUG 7632 --- [           main] o.h.t.d.jdbc.spi.JdbcTypeRegistry        : addDescriptor(NClobTypeDescriptor(DEFAULT)) replaced previous registration(ClobTypeDescriptor(DEFAULT))
2023-11-05T17:53:47.649-05:00 DEBUG 7632 --- [           main] o.h.t.d.jdbc.spi.JdbcTypeRegistry        : addDescriptor(2005, ClobTypeDescriptor(STREAM_BINDING)) replaced previous registration(ClobTypeDescriptor(DEFAULT))
2023-11-05T17:53:47.659-05:00 DEBUG 7632 --- [           main] org.hibernate.type.BasicTypeRegistry     : Adding type registration null -> org.hibernate.type.NullType@56d822dc
2023-11-05T17:53:47.659-05:00 DEBUG 7632 --- [           main] org.hibernate.type.BasicTypeRegistry     : Type registration key [null] overrode previous entry : `org.hibernate.type.NullType@5232e3f1`
2023-11-05T17:53:47.680-05:00 DEBUG 7632 --- [           main] org.hibernate.type.BasicTypeRegistry     : Adding type registration org.hibernate.type.OffsetDateTimeType -> basicType@1(java.time.OffsetDateTime,3003)
2023-11-05T17:53:47.680-05:00 DEBUG 7632 --- [           main] org.hibernate.type.BasicTypeRegistry     : Adding type registration OffsetDateTime -> basicType@1(java.time.OffsetDateTime,3003)
2023-11-05T17:53:47.680-05:00 DEBUG 7632 --- [           main] org.hibernate.type.BasicTypeRegistry     : Adding type registration java.time.OffsetDateTime -> basicType@1(java.time.OffsetDateTime,3003)
2023-11-05T17:53:47.681-05:00 DEBUG 7632 --- [           main] org.hibernate.type.BasicTypeRegistry     : Adding type registration org.hibernate.type.ZonedDateTimeType -> basicType@2(java.time.ZonedDateTime,3003)
2023-11-05T17:53:47.681-05:00 DEBUG 7632 --- [           main] org.hibernate.type.BasicTypeRegistry     : Adding type registration ZonedDateTime -> basicType@2(java.time.ZonedDateTime,3003)
2023-11-05T17:53:47.681-05:00 DEBUG 7632 --- [           main] org.hibernate.type.BasicTypeRegistry     : Adding type registration java.time.ZonedDateTime -> basicType@2(java.time.ZonedDateTime,3003)
2023-11-05T17:53:47.684-05:00 DEBUG 7632 --- [           main] org.hibernate.type.BasicTypeRegistry     : Adding type registration org.hibernate.type.OffsetTimeType -> basicType@3(java.time.OffsetTime,3007)
2023-11-05T17:53:47.684-05:00 DEBUG 7632 --- [           main] org.hibernate.type.BasicTypeRegistry     : Adding type registration OffsetTime -> basicType@3(java.time.OffsetTime,3007)
2023-11-05T17:53:47.684-05:00 DEBUG 7632 --- [           main] org.hibernate.type.BasicTypeRegistry     : Adding type registration java.time.OffsetTime -> basicType@3(java.time.OffsetTime,3007)
2023-11-05T17:53:47.689-05:00 DEBUG 7632 --- [           main] o.h.type.spi.TypeConfiguration$Scope     : Scoping TypeConfiguration [org.hibernate.type.spi.TypeConfiguration@5a48d186] to MetadataBuildingContext [org.hibernate.boot.internal.MetadataBuildingContextRootImpl@521ba38f]
2023-11-05T17:53:48.068-05:00  INFO 7632 --- [           main] o.h.b.i.BytecodeProviderInitiator        : HHH000021: Bytecode provider name : bytebuddy
2023-11-05T17:53:49.525-05:00  INFO 7632 --- [           main] o.h.e.t.j.p.i.JtaPlatformInitiator       : HHH000490: Using JtaPlatform implementation: [org.hibernate.engine.transaction.jta.platform.internal.NoJtaPlatform]
2023-11-05T17:53:49.526-05:00 DEBUG 7632 --- [           main] o.h.type.spi.TypeConfiguration$Scope     : Scoping TypeConfiguration [org.hibernate.type.spi.TypeConfiguration@5a48d186] to SessionFactoryImplementor [org.hibernate.internal.SessionFactoryImpl@7430ed93]
2023-11-05T17:53:51.162-05:00 TRACE 7632 --- [           main] o.h.type.spi.TypeConfiguration$Scope     : Handling #sessionFactoryCreated from [org.hibernate.internal.SessionFactoryImpl@7430ed93] for TypeConfiguration
2023-11-05T17:53:51.163-05:00  INFO 7632 --- [           main] j.LocalContainerEntityManagerFactoryBean : Initialized JPA EntityManagerFactory for persistence unit 'default'
2023-11-05T17:53:51.475-05:00 DEBUG 7632 --- [           main] o.h.stat.internal.StatisticsInitiator    : Statistics initialized [enabled=false]
2023-11-05T17:53:51.749-05:00  INFO 7632 --- [           main] o.s.d.j.r.query.QueryEnhancerFactory     : Hibernate is in classpath; If applicable, HQL parser will be used.
2023-11-05T17:53:53.612-05:00  INFO 7632 --- [           main] c.e.Actividad01EmpleadoApplicationTests  : Started Actividad01EmpleadoApplicationTests in 13.391 seconds (process running for 15.432)
]]></system-out>
  </testcase>
</testsuite>