<?xml version="1.0" encoding="UTF-8"?>
<testsuite xmlns:xsi="http://www.w3.org/2001/XMLSchema-instance" xsi:noNamespaceSchemaLocation="https://maven.apache.org/surefire/maven-surefire-plugin/xsd/surefire-test-report-3.0.xsd" version="3.0" name="com.example.Actividad01EmpleadoApplicationTests" time="27.287" tests="1" errors="0" skipped="0" failures="0">
  <properties>
[...]
</properties>
  <testcase name="contextLoads" classname="com.example.Actividad01EmpleadoApplicationTests" time="1.401">
    <system-out><![CDATA[17:10:04.460 [main] INFO org.springframework.test.context.support.AnnotationConfigContextLoaderUtils -- Could not detect default configuration classes for test class [com.example.Actividad01EmpleadoApplicationTests]: Actividad01EmpleadoApplicationTests does not declare any static, non-private, non-final, nested classes annotated with @Configuration.
17:10:04.916 [main] INFO org.springframework.boot.test.context.SpringBootTestContextBootstrapper -- Found @SpringBootConfiguration com.example.Actividad01EmpleadoApplication for test class com.example.Actividad01EmpleadoApplicationTests

  .   ____          _            __ _ _
 /\\ / ___'_ __ _ _(_)_ __  __ _ \ \ \ \
( ( )\___ | '_ | '_| | '_ \/ _` | \ \ \ \
 \\/  ___)| |_)| | | | | || (_| |  ) ) ) )
  '  |____| .__|_| |_|_| |_\__, | / / / /
 =========|_|==============|___/=/_/_/_/
 :: Spring Boot ::                (v3.1.3)

2023-11-05T17:10:06.213-05:00  INFO 17468 --- [           main] c.e.Actividad01EmpleadoApplicationTests  : Starting Actividad01EmpleadoApplicationTests using Java 17.0.8 with PID 17468 (started by Franklin in C:\Users\Franklin\Documents\WS_DAWII_2023_2\actividad01-backend)
2023-11-05T17:10:06.217-05:00  INFO 17468 --- [           main] c.e.Actividad01EmpleadoApplicationTests  : No active profile set, falling back to 1 default profile: "default"
2023-11-05T17:10:08.107-05:00  INFO 17468 --- [           main] .s.d.r.c.RepositoryConfigurationDelegate : Bootstrapping Spring Data JPA repositories in DEFAULT mode.
2023-11-05T17:10:08.357-05:00  INFO 17468 --- [           main] .s.d.r.c.RepositoryConfigurationDelegate : Finished Spring Data repository scanning in 215 ms. Found 5 JPA repository interfaces.
2023-11-05T17:10:09.740-05:00  INFO 17468 --- [           main] o.hibernate.jpa.internal.util.LogHelper  : HHH000204: Processing PersistenceUnitInfo [name: default]
2023-11-05T17:10:09.978-05:00  INFO 17468 --- [           main] org.hibernate.Version                    : HHH000412: Hibernate ORM core version 6.2.7.Final
2023-11-05T17:10:09.988-05:00  INFO 17468 --- [           main] org.hibernate.cfg.Environment            : HHH000406: Using bytecode reflection optimizer
2023-11-05T17:10:10.632-05:00 DEBUG 17468 --- [           main] org.hibernate.type.BasicTypeRegistry     : Adding type registration boolean -> org.hibernate.type.BasicTypeReference@2574a9e3
2023-11-05T17:10:10.632-05:00 DEBUG 17468 --- [           main] org.hibernate.type.BasicTypeRegistry     : Adding type registration boolean -> org.hibernate.type.BasicTypeReference@2574a9e3
2023-11-05T17:10:10.633-05:00 DEBUG 17468 --- [           main] org.hibernate.type.BasicTypeRegistry     : Adding type registration java.lang.Boolean -> org.hibernate.type.BasicTypeReference@2574a9e3
2023-11-05T17:10:10.633-05:00 DEBUG 17468 --- [           main] org.hibernate.type.BasicTypeRegistry     : Adding type registration numeric_boolean -> org.hibernate.type.BasicTypeReference@18b6d3c1
2023-11-05T17:10:10.633-05:00 DEBUG 17468 --- [           main] org.hibernate.type.BasicTypeRegistry     : Adding type registration org.hibernate.type.NumericBooleanConverter -> org.hibernate.type.BasicTypeReference@18b6d3c1
2023-11-05T17:10:10.633-05:00 DEBUG 17468 --- [           main] org.hibernate.type.BasicTypeRegistry     : Adding type registration true_false -> org.hibernate.type.BasicTypeReference@422ab737
2023-11-05T17:10:10.633-05:00 DEBUG 17468 --- [           main] org.hibernate.type.BasicTypeRegistry     : Adding type registration org.hibernate.type.TrueFalseConverter -> org.hibernate.type.BasicTypeReference@422ab737
2023-11-05T17:10:10.633-05:00 DEBUG 17468 --- [           main] org.hibernate.type.BasicTypeRegistry     : Adding type registration yes_no -> org.hibernate.type.BasicTypeReference@3fe512d2
2023-11-05T17:10:10.634-05:00 DEBUG 17468 --- [           main] org.hibernate.type.BasicTypeRegistry     : Adding type registration org.hibernate.type.YesNoConverter -> org.hibernate.type.BasicTypeReference@3fe512d2
2023-11-05T17:10:10.634-05:00 DEBUG 17468 --- [           main] org.hibernate.type.BasicTypeRegistry     : Adding type registration byte -> org.hibernate.type.BasicTypeReference@3fde8f7c
2023-11-05T17:10:10.634-05:00 DEBUG 17468 --- [           main] org.hibernate.type.BasicTypeRegistry     : Adding type registration byte -> org.hibernate.type.BasicTypeReference@3fde8f7c
2023-11-05T17:10:10.634-05:00 DEBUG 17468 --- [           main] org.hibernate.type.BasicTypeRegistry     : Adding type registration java.lang.Byte -> org.hibernate.type.BasicTypeReference@3fde8f7c
2023-11-05T17:10:10.635-05:00 DEBUG 17468 --- [           main] org.hibernate.type.BasicTypeRegistry     : Adding type registration binary -> org.hibernate.type.BasicTypeReference@11d86b9d
2023-11-05T17:10:10.636-05:00 DEBUG 17468 --- [           main] org.hibernate.type.BasicTypeRegistry     : Adding type registration byte[] -> org.hibernate.type.BasicTypeReference@11d86b9d
2023-11-05T17:10:10.636-05:00 DEBUG 17468 --- [           main] org.hibernate.type.BasicTypeRegistry     : Adding type registration [B -> org.hibernate.type.BasicTypeReference@11d86b9d
2023-11-05T17:10:10.636-05:00 DEBUG 17468 --- [           main] org.hibernate.type.BasicTypeRegistry     : Adding type registration binary_wrapper -> org.hibernate.type.BasicTypeReference@5ad6cc21
2023-11-05T17:10:10.636-05:00 DEBUG 17468 --- [           main] org.hibernate.type.BasicTypeRegistry     : Adding type registration wrapper-binary -> org.hibernate.type.BasicTypeReference@5ad6cc21
2023-11-05T17:10:10.637-05:00 DEBUG 17468 --- [           main] org.hibernate.type.BasicTypeRegistry     : Adding type registration image -> org.hibernate.type.BasicTypeReference@800d065
2023-11-05T17:10:10.638-05:00 DEBUG 17468 --- [           main] org.hibernate.type.BasicTypeRegistry     : Adding type registration blob -> org.hibernate.type.BasicTypeReference@691124ee
2023-11-05T17:10:10.638-05:00 DEBUG 17468 --- [           main] org.hibernate.type.BasicTypeRegistry     : Adding type registration java.sql.Blob -> org.hibernate.type.BasicTypeReference@691124ee
2023-11-05T17:10:10.638-05:00 DEBUG 17468 --- [           main] org.hibernate.type.BasicTypeRegistry     : Adding type registration materialized_blob -> org.hibernate.type.BasicTypeReference@38d80d65
2023-11-05T17:10:10.638-05:00 DEBUG 17468 --- [           main] org.hibernate.type.BasicTypeRegistry     : Adding type registration materialized_blob_wrapper -> org.hibernate.type.BasicTypeReference@5403799b
2023-11-05T17:10:10.638-05:00 DEBUG 17468 --- [           main] org.hibernate.type.BasicTypeRegistry     : Adding type registration short -> org.hibernate.type.BasicTypeReference@5a0e0886
2023-11-05T17:10:10.639-05:00 DEBUG 17468 --- [           main] org.hibernate.type.BasicTypeRegistry     : Adding type registration short -> org.hibernate.type.BasicTypeReference@5a0e0886
2023-11-05T17:10:10.639-05:00 DEBUG 17468 --- [           main] org.hibernate.type.BasicTypeRegistry     : Adding type registration java.lang.Short -> org.hibernate.type.BasicTypeReference@5a0e0886
2023-11-05T17:10:10.639-05:00 DEBUG 17468 --- [           main] org.hibernate.type.BasicTypeRegistry     : Adding type registration integer -> org.hibernate.type.BasicTypeReference@3ad8717d
2023-11-05T17:10:10.639-05:00 DEBUG 17468 --- [           main] org.hibernate.type.BasicTypeRegistry     : Adding type registration int -> org.hibernate.type.BasicTypeReference@3ad8717d
2023-11-05T17:10:10.639-05:00 DEBUG 17468 --- [           main] org.hibernate.type.BasicTypeRegistry     : Adding type registration java.lang.Integer -> org.hibernate.type.BasicTypeReference@3ad8717d
2023-11-05T17:10:10.640-05:00 DEBUG 17468 --- [           main] org.hibernate.type.BasicTypeRegistry     : Adding type registration long -> org.hibernate.type.BasicTypeReference@4293e066
2023-11-05T17:10:10.640-05:00 DEBUG 17468 --- [           main] org.hibernate.type.BasicTypeRegistry     : Adding type registration long -> org.hibernate.type.BasicTypeReference@4293e066
2023-11-05T17:10:10.640-05:00 DEBUG 17468 --- [           main] org.hibernate.type.BasicTypeRegistry     : Adding type registration java.lang.Long -> org.hibernate.type.BasicTypeReference@4293e066
2023-11-05T17:10:10.640-05:00 DEBUG 17468 --- [           main] org.hibernate.type.BasicTypeRegistry     : Adding type registration float -> org.hibernate.type.BasicTypeReference@d13960e
2023-11-05T17:10:10.641-05:00 DEBUG 17468 --- [           main] org.hibernate.type.BasicTypeRegistry     : Adding type registration float -> org.hibernate.type.BasicTypeReference@d13960e
2023-11-05T17:10:10.641-05:00 DEBUG 17468 --- [           main] org.hibernate.type.BasicTypeRegistry     : Adding type registration java.lang.Float -> org.hibernate.type.BasicTypeReference@d13960e
2023-11-05T17:10:10.641-05:00 DEBUG 17468 --- [           main] org.hibernate.type.BasicTypeRegistry     : Adding type registration double -> org.hibernate.type.BasicTypeReference@27f3f512
2023-11-05T17:10:10.641-05:00 DEBUG 17468 --- [           main] org.hibernate.type.BasicTypeRegistry     : Adding type registration double -> org.hibernate.type.BasicTypeReference@27f3f512
2023-11-05T17:10:10.642-05:00 DEBUG 17468 --- [           main] org.hibernate.type.BasicTypeRegistry     : Adding type registration java.lang.Double -> org.hibernate.type.BasicTypeReference@27f3f512
2023-11-05T17:10:10.642-05:00 DEBUG 17468 --- [           main] org.hibernate.type.BasicTypeRegistry     : Adding type registration big_integer -> org.hibernate.type.BasicTypeReference@5e593b08
2023-11-05T17:10:10.642-05:00 DEBUG 17468 --- [           main] org.hibernate.type.BasicTypeRegistry     : Adding type registration java.math.BigInteger -> org.hibernate.type.BasicTypeReference@5e593b08
2023-11-05T17:10:10.642-05:00 DEBUG 17468 --- [           main] org.hibernate.type.BasicTypeRegistry     : Adding type registration big_decimal -> org.hibernate.type.BasicTypeReference@3946075
2023-11-05T17:10:10.642-05:00 DEBUG 17468 --- [           main] org.hibernate.type.BasicTypeRegistry     : Adding type registration java.math.BigDecimal -> org.hibernate.type.BasicTypeReference@3946075
2023-11-05T17:10:10.643-05:00 DEBUG 17468 --- [           main] org.hibernate.type.BasicTypeRegistry     : Adding type registration character -> org.hibernate.type.BasicTypeReference@122635ef
2023-11-05T17:10:10.643-05:00 DEBUG 17468 --- [           main] org.hibernate.type.BasicTypeRegistry     : Adding type registration char -> org.hibernate.type.BasicTypeReference@122635ef
2023-11-05T17:10:10.643-05:00 DEBUG 17468 --- [           main] org.hibernate.type.BasicTypeRegistry     : Adding type registration java.lang.Character -> org.hibernate.type.BasicTypeReference@122635ef
2023-11-05T17:10:10.643-05:00 DEBUG 17468 --- [           main] org.hibernate.type.BasicTypeRegistry     : Adding type registration character_nchar -> org.hibernate.type.BasicTypeReference@2ac519dc
2023-11-05T17:10:10.643-05:00 DEBUG 17468 --- [           main] org.hibernate.type.BasicTypeRegistry     : Adding type registration string -> org.hibernate.type.BasicTypeReference@3d53e6f7
2023-11-05T17:10:10.643-05:00 DEBUG 17468 --- [           main] org.hibernate.type.BasicTypeRegistry     : Adding type registration java.lang.String -> org.hibernate.type.BasicTypeReference@3d53e6f7
2023-11-05T17:10:10.643-05:00 DEBUG 17468 --- [           main] org.hibernate.type.BasicTypeRegistry     : Adding type registration nstring -> org.hibernate.type.BasicTypeReference@1de4bee0
2023-11-05T17:10:10.644-05:00 DEBUG 17468 --- [           main] org.hibernate.type.BasicTypeRegistry     : Adding type registration characters -> org.hibernate.type.BasicTypeReference@3ece79fe
2023-11-05T17:10:10.644-05:00 DEBUG 17468 --- [           main] org.hibernate.type.BasicTypeRegistry     : Adding type registration char[] -> org.hibernate.type.BasicTypeReference@3ece79fe
2023-11-05T17:10:10.644-05:00 DEBUG 17468 --- [           main] org.hibernate.type.BasicTypeRegistry     : Adding type registration [C -> org.hibernate.type.BasicTypeReference@3ece79fe
2023-11-05T17:10:10.644-05:00 DEBUG 17468 --- [           main] org.hibernate.type.BasicTypeRegistry     : Adding type registration wrapper-characters -> org.hibernate.type.BasicTypeReference@3cc79c02
2023-11-05T17:10:10.645-05:00 DEBUG 17468 --- [           main] org.hibernate.type.BasicTypeRegistry     : Adding type registration text -> org.hibernate.type.BasicTypeReference@1e01b133
2023-11-05T17:10:10.645-05:00 DEBUG 17468 --- [           main] org.hibernate.type.BasicTypeRegistry     : Adding type registration ntext -> org.hibernate.type.BasicTypeReference@262a1fad
2023-11-05T17:10:10.645-05:00 DEBUG 17468 --- [           main] org.hibernate.type.BasicTypeRegistry     : Adding type registration clob -> org.hibernate.type.BasicTypeReference@6be6931f
2023-11-05T17:10:10.645-05:00 DEBUG 17468 --- [           main] org.hibernate.type.BasicTypeRegistry     : Adding type registration java.sql.Clob -> org.hibernate.type.BasicTypeReference@6be6931f
2023-11-05T17:10:10.645-05:00 DEBUG 17468 --- [           main] org.hibernate.type.BasicTypeRegistry     : Adding type registration nclob -> org.hibernate.type.BasicTypeReference@6b4125ed
2023-11-05T17:10:10.645-05:00 DEBUG 17468 --- [           main] org.hibernate.type.BasicTypeRegistry     : Adding type registration java.sql.NClob -> org.hibernate.type.BasicTypeReference@6b4125ed
2023-11-05T17:10:10.646-05:00 DEBUG 17468 --- [           main] org.hibernate.type.BasicTypeRegistry     : Adding type registration materialized_clob -> org.hibernate.type.BasicTypeReference@78da899f
2023-11-05T17:10:10.646-05:00 DEBUG 17468 --- [           main] org.hibernate.type.BasicTypeRegistry     : Adding type registration materialized_clob_char_array -> org.hibernate.type.BasicTypeReference@e7b265e
2023-11-05T17:10:10.646-05:00 DEBUG 17468 --- [           main] org.hibernate.type.BasicTypeRegistry     : Adding type registration materialized_clob_character_array -> org.hibernate.type.BasicTypeReference@51da32e5
2023-11-05T17:10:10.646-05:00 DEBUG 17468 --- [           main] org.hibernate.type.BasicTypeRegistry     : Adding type registration materialized_nclob -> org.hibernate.type.BasicTypeReference@33d60b7e
2023-11-05T17:10:10.646-05:00 DEBUG 17468 --- [           main] org.hibernate.type.BasicTypeRegistry     : Adding type registration materialized_nclob_character_array -> org.hibernate.type.BasicTypeReference@1fecfaea
2023-11-05T17:10:10.646-05:00 DEBUG 17468 --- [           main] org.hibernate.type.BasicTypeRegistry     : Adding type registration materialized_nclob_char_array -> org.hibernate.type.BasicTypeReference@4872669f
2023-11-05T17:10:10.647-05:00 DEBUG 17468 --- [           main] org.hibernate.type.BasicTypeRegistry     : Adding type registration Duration -> org.hibernate.type.BasicTypeReference@483f286e
2023-11-05T17:10:10.647-05:00 DEBUG 17468 --- [           main] org.hibernate.type.BasicTypeRegistry     : Adding type registration java.time.Duration -> org.hibernate.type.BasicTypeReference@483f286e
2023-11-05T17:10:10.647-05:00 DEBUG 17468 --- [           main] org.hibernate.type.BasicTypeRegistry     : Adding type registration LocalDateTime -> org.hibernate.type.BasicTypeReference@4bb147ec
2023-11-05T17:10:10.647-05:00 DEBUG 17468 --- [           main] org.hibernate.type.BasicTypeRegistry     : Adding type registration java.time.LocalDateTime -> org.hibernate.type.BasicTypeReference@4bb147ec
2023-11-05T17:10:10.647-05:00 DEBUG 17468 --- [           main] org.hibernate.type.BasicTypeRegistry     : Adding type registration LocalDate -> org.hibernate.type.BasicTypeReference@33f2cfda
2023-11-05T17:10:10.648-05:00 DEBUG 17468 --- [           main] org.hibernate.type.BasicTypeRegistry     : Adding type registration java.time.LocalDate -> org.hibernate.type.BasicTypeReference@33f2cfda
2023-11-05T17:10:10.648-05:00 DEBUG 17468 --- [           main] org.hibernate.type.BasicTypeRegistry     : Adding type registration LocalTime -> org.hibernate.type.BasicTypeReference@68ef01a5
2023-11-05T17:10:10.648-05:00 DEBUG 17468 --- [           main] org.hibernate.type.BasicTypeRegistry     : Adding type registration java.time.LocalTime -> org.hibernate.type.BasicTypeReference@68ef01a5
2023-11-05T17:10:10.648-05:00 DEBUG 17468 --- [           main] org.hibernate.type.BasicTypeRegistry     : Adding type registration OffsetDateTime -> org.hibernate.type.BasicTypeReference@59a2388e
2023-11-05T17:10:10.648-05:00 DEBUG 17468 --- [           main] org.hibernate.type.BasicTypeRegistry     : Adding type registration java.time.OffsetDateTime -> org.hibernate.type.BasicTypeReference@59a2388e
2023-11-05T17:10:10.648-05:00 DEBUG 17468 --- [           main] org.hibernate.type.BasicTypeRegistry     : Adding type registration OffsetDateTimeWithTimezone -> org.hibernate.type.BasicTypeReference@186d8a71
2023-11-05T17:10:10.648-05:00 DEBUG 17468 --- [           main] org.hibernate.type.BasicTypeRegistry     : Adding type registration OffsetDateTimeWithoutTimezone -> org.hibernate.type.BasicTypeReference@3dc40ab9
2023-11-05T17:10:10.649-05:00 DEBUG 17468 --- [           main] org.hibernate.type.BasicTypeRegistry     : Adding type registration OffsetTime -> org.hibernate.type.BasicTypeReference@2db6d68d
2023-11-05T17:10:10.649-05:00 DEBUG 17468 --- [           main] org.hibernate.type.BasicTypeRegistry     : Adding type registration java.time.OffsetTime -> org.hibernate.type.BasicTypeReference@2db6d68d
2023-11-05T17:10:10.649-05:00 DEBUG 17468 --- [           main] org.hibernate.type.BasicTypeRegistry     : Adding type registration OffsetTimeUtc -> org.hibernate.type.BasicTypeReference@6518fdfd
2023-11-05T17:10:10.649-05:00 DEBUG 17468 --- [           main] org.hibernate.type.BasicTypeRegistry     : Adding type registration OffsetTimeWithTimezone -> org.hibernate.type.BasicTypeReference@11d2dd2d
2023-11-05T17:10:10.649-05:00 DEBUG 17468 --- [           main] org.hibernate.type.BasicTypeRegistry     : Adding type registration OffsetTimeWithoutTimezone -> org.hibernate.type.BasicTypeReference@cde8c6c
2023-11-05T17:10:10.649-05:00 DEBUG 17468 --- [           main] org.hibernate.type.BasicTypeRegistry     : Adding type registration ZonedDateTime -> org.hibernate.type.BasicTypeReference@174721c4
2023-11-05T17:10:10.650-05:00 DEBUG 17468 --- [           main] org.hibernate.type.BasicTypeRegistry     : Adding type registration java.time.ZonedDateTime -> org.hibernate.type.BasicTypeReference@174721c4
2023-11-05T17:10:10.650-05:00 DEBUG 17468 --- [           main] org.hibernate.type.BasicTypeRegistry     : Adding type registration ZonedDateTimeWithTimezone -> org.hibernate.type.BasicTypeReference@3592c1c4
2023-11-05T17:10:10.650-05:00 DEBUG 17468 --- [           main] org.hibernate.type.BasicTypeRegistry     : Adding type registration ZonedDateTimeWithoutTimezone -> org.hibernate.type.BasicTypeReference@322e49ee
2023-11-05T17:10:10.650-05:00 DEBUG 17468 --- [           main] org.hibernate.type.BasicTypeRegistry     : Adding type registration date -> org.hibernate.type.BasicTypeReference@4aeb0e2b
2023-11-05T17:10:10.650-05:00 DEBUG 17468 --- [           main] org.hibernate.type.BasicTypeRegistry     : Adding type registration java.sql.Date -> org.hibernate.type.BasicTypeReference@4aeb0e2b
2023-11-05T17:10:10.650-05:00 DEBUG 17468 --- [           main] org.hibernate.type.BasicTypeRegistry     : Adding type registration time -> org.hibernate.type.BasicTypeReference@648c5fb3
2023-11-05T17:10:10.651-05:00 DEBUG 17468 --- [           main] org.hibernate.type.BasicTypeRegistry     : Adding type registration java.sql.Time -> org.hibernate.type.BasicTypeReference@648c5fb3
2023-11-05T17:10:10.651-05:00 DEBUG 17468 --- [           main] org.hibernate.type.BasicTypeRegistry     : Adding type registration timestamp -> org.hibernate.type.BasicTypeReference@47b33e07
2023-11-05T17:10:10.651-05:00 DEBUG 17468 --- [           main] org.hibernate.type.BasicTypeRegistry     : Adding type registration java.sql.Timestamp -> org.hibernate.type.BasicTypeReference@47b33e07
2023-11-05T17:10:10.651-05:00 DEBUG 17468 --- [           main] org.hibernate.type.BasicTypeRegistry     : Adding type registration java.util.Date -> org.hibernate.type.BasicTypeReference@47b33e07
2023-11-05T17:10:10.651-05:00 DEBUG 17468 --- [           main] org.hibernate.type.BasicTypeRegistry     : Adding type registration calendar -> org.hibernate.type.BasicTypeReference@7126e26
2023-11-05T17:10:10.651-05:00 DEBUG 17468 --- [           main] org.hibernate.type.BasicTypeRegistry     : Adding type registration java.util.Calendar -> org.hibernate.type.BasicTypeReference@7126e26
2023-11-05T17:10:10.651-05:00 DEBUG 17468 --- [           main] org.hibernate.type.BasicTypeRegistry     : Adding type registration java.util.GregorianCalendar -> org.hibernate.type.BasicTypeReference@7126e26
2023-11-05T17:10:10.652-05:00 DEBUG 17468 --- [           main] org.hibernate.type.BasicTypeRegistry     : Adding type registration calendar_date -> org.hibernate.type.BasicTypeReference@151ab2b9
2023-11-05T17:10:10.652-05:00 DEBUG 17468 --- [           main] org.hibernate.type.BasicTypeRegistry     : Adding type registration calendar_time -> org.hibernate.type.BasicTypeReference@13ed066e
2023-11-05T17:10:10.652-05:00 DEBUG 17468 --- [           main] org.hibernate.type.BasicTypeRegistry     : Adding type registration instant -> org.hibernate.type.BasicTypeReference@4d705112
2023-11-05T17:10:10.652-05:00 DEBUG 17468 --- [           main] org.hibernate.type.BasicTypeRegistry     : Adding type registration java.time.Instant -> org.hibernate.type.BasicTypeReference@4d705112
2023-11-05T17:10:10.652-05:00 DEBUG 17468 --- [           main] org.hibernate.type.BasicTypeRegistry     : Adding type registration uuid -> org.hibernate.type.BasicTypeReference@590765c4
2023-11-05T17:10:10.652-05:00 DEBUG 17468 --- [           main] org.hibernate.type.BasicTypeRegistry     : Adding type registration java.util.UUID -> org.hibernate.type.BasicTypeReference@590765c4
2023-11-05T17:10:10.653-05:00 DEBUG 17468 --- [           main] org.hibernate.type.BasicTypeRegistry     : Adding type registration pg-uuid -> org.hibernate.type.BasicTypeReference@590765c4
2023-11-05T17:10:10.653-05:00 DEBUG 17468 --- [           main] org.hibernate.type.BasicTypeRegistry     : Adding type registration uuid-binary -> org.hibernate.type.BasicTypeReference@19489b27
2023-11-05T17:10:10.654-05:00 DEBUG 17468 --- [           main] org.hibernate.type.BasicTypeRegistry     : Adding type registration uuid-char -> org.hibernate.type.BasicTypeReference@626d2016
2023-11-05T17:10:10.655-05:00 DEBUG 17468 --- [           main] org.hibernate.type.BasicTypeRegistry     : Adding type registration class -> org.hibernate.type.BasicTypeReference@2d5a1588
2023-11-05T17:10:10.655-05:00 DEBUG 17468 --- [           main] org.hibernate.type.BasicTypeRegistry     : Adding type registration java.lang.Class -> org.hibernate.type.BasicTypeReference@2d5a1588
2023-11-05T17:10:10.655-05:00 DEBUG 17468 --- [           main] org.hibernate.type.BasicTypeRegistry     : Adding type registration currency -> org.hibernate.type.BasicTypeReference@4f116ca2
2023-11-05T17:10:10.656-05:00 DEBUG 17468 --- [           main] org.hibernate.type.BasicTypeRegistry     : Adding type registration Currency -> org.hibernate.type.BasicTypeReference@4f116ca2
2023-11-05T17:10:10.656-05:00 DEBUG 17468 --- [           main] org.hibernate.type.BasicTypeRegistry     : Adding type registration java.util.Currency -> org.hibernate.type.BasicTypeReference@4f116ca2
2023-11-05T17:10:10.656-05:00 DEBUG 17468 --- [           main] org.hibernate.type.BasicTypeRegistry     : Adding type registration locale -> org.hibernate.type.BasicTypeReference@125d47c4
2023-11-05T17:10:10.656-05:00 DEBUG 17468 --- [           main] org.hibernate.type.BasicTypeRegistry     : Adding type registration java.util.Locale -> org.hibernate.type.BasicTypeReference@125d47c4
2023-11-05T17:10:10.657-05:00 DEBUG 17468 --- [           main] org.hibernate.type.BasicTypeRegistry     : Adding type registration serializable -> org.hibernate.type.BasicTypeReference@193bb809
2023-11-05T17:10:10.657-05:00 DEBUG 17468 --- [           main] org.hibernate.type.BasicTypeRegistry     : Adding type registration java.io.Serializable -> org.hibernate.type.BasicTypeReference@193bb809
2023-11-05T17:10:10.657-05:00 DEBUG 17468 --- [           main] org.hibernate.type.BasicTypeRegistry     : Adding type registration timezone -> org.hibernate.type.BasicTypeReference@64b018f3
2023-11-05T17:10:10.657-05:00 DEBUG 17468 --- [           main] org.hibernate.type.BasicTypeRegistry     : Adding type registration java.util.TimeZone -> org.hibernate.type.BasicTypeReference@64b018f3
2023-11-05T17:10:10.658-05:00 DEBUG 17468 --- [           main] org.hibernate.type.BasicTypeRegistry     : Adding type registration ZoneOffset -> org.hibernate.type.BasicTypeReference@20801cbb
2023-11-05T17:10:10.658-05:00 DEBUG 17468 --- [           main] org.hibernate.type.BasicTypeRegistry     : Adding type registration java.time.ZoneOffset -> org.hibernate.type.BasicTypeReference@20801cbb
2023-11-05T17:10:10.658-05:00 DEBUG 17468 --- [           main] org.hibernate.type.BasicTypeRegistry     : Adding type registration url -> org.hibernate.type.BasicTypeReference@581b1c08
2023-11-05T17:10:10.658-05:00 DEBUG 17468 --- [           main] org.hibernate.type.BasicTypeRegistry     : Adding type registration java.net.URL -> org.hibernate.type.BasicTypeReference@581b1c08
2023-11-05T17:10:10.659-05:00 DEBUG 17468 --- [           main] org.hibernate.type.BasicTypeRegistry     : Adding type registration row_version -> org.hibernate.type.BasicTypeReference@1c240cf2
2023-11-05T17:10:10.677-05:00 DEBUG 17468 --- [           main] org.hibernate.type.BasicTypeRegistry     : Adding type registration object -> org.hibernate.type.JavaObjectType@8f40022
2023-11-05T17:10:10.679-05:00 DEBUG 17468 --- [           main] org.hibernate.type.BasicTypeRegistry     : Adding type registration java.lang.Object -> org.hibernate.type.JavaObjectType@8f40022
2023-11-05T17:10:10.685-05:00 DEBUG 17468 --- [           main] org.hibernate.type.BasicTypeRegistry     : Adding type registration null -> org.hibernate.type.NullType@36bed37a
2023-11-05T17:10:10.686-05:00 DEBUG 17468 --- [           main] org.hibernate.type.BasicTypeRegistry     : Adding type registration imm_date -> org.hibernate.type.BasicTypeReference@4a9a878
2023-11-05T17:10:10.687-05:00 DEBUG 17468 --- [           main] org.hibernate.type.BasicTypeRegistry     : Adding type registration imm_time -> org.hibernate.type.BasicTypeReference@1b3ab4f9
2023-11-05T17:10:10.688-05:00 DEBUG 17468 --- [           main] org.hibernate.type.BasicTypeRegistry     : Adding type registration imm_timestamp -> org.hibernate.type.BasicTypeReference@5c6a5192
2023-11-05T17:10:10.688-05:00 DEBUG 17468 --- [           main] org.hibernate.type.BasicTypeRegistry     : Adding type registration imm_calendar -> org.hibernate.type.BasicTypeReference@1c8f6c66
2023-11-05T17:10:10.689-05:00 DEBUG 17468 --- [           main] org.hibernate.type.BasicTypeRegistry     : Adding type registration imm_calendar_date -> org.hibernate.type.BasicTypeReference@552cede7
2023-11-05T17:10:10.689-05:00 DEBUG 17468 --- [           main] org.hibernate.type.BasicTypeRegistry     : Adding type registration imm_calendar_time -> org.hibernate.type.BasicTypeReference@1b7f06c7
2023-11-05T17:10:10.689-05:00 DEBUG 17468 --- [           main] org.hibernate.type.BasicTypeRegistry     : Adding type registration imm_binary -> org.hibernate.type.BasicTypeReference@151732fb
2023-11-05T17:10:10.689-05:00 DEBUG 17468 --- [           main] org.hibernate.type.BasicTypeRegistry     : Adding type registration imm_serializable -> org.hibernate.type.BasicTypeReference@729c8063
2023-11-05T17:10:10.760-05:00  INFO 17468 --- [           main] o.h.b.i.BytecodeProviderInitiator        : HHH000021: Bytecode provider name : bytebuddy
2023-11-05T17:10:11.141-05:00  INFO 17468 --- [           main] o.s.o.j.p.SpringPersistenceUnitInfo      : No LoadTimeWeaver setup: ignoring JPA class transformer
2023-11-05T17:10:11.188-05:00  INFO 17468 --- [           main] com.zaxxer.hikari.HikariDataSource       : HikariPool-1 - Starting...
2023-11-05T17:10:17.397-05:00  INFO 17468 --- [           main] com.zaxxer.hikari.pool.HikariPool        : HikariPool-1 - Added connection com.mysql.cj.jdbc.ConnectionImpl@fabef2e
2023-11-05T17:10:17.403-05:00  INFO 17468 --- [           main] com.zaxxer.hikari.HikariDataSource       : HikariPool-1 - Start completed.
2023-11-05T17:10:18.813-05:00 DEBUG 17468 --- [           main] o.h.t.d.sql.spi.DdlTypeRegistry          : addDescriptor(12, org.hibernate.type.descriptor.sql.internal.CapacityDependentDdlType@5635bcd2) replaced previous registration(org.hibernate.type.descriptor.sql.internal.CapacityDependentDdlType@5c5c7cc4)
2023-11-05T17:10:18.814-05:00 DEBUG 17468 --- [           main] o.h.t.d.sql.spi.DdlTypeRegistry          : addDescriptor(-9, org.hibernate.type.descriptor.sql.internal.CapacityDependentDdlType@6c27e700) replaced previous registration(org.hibernate.type.descriptor.sql.internal.CapacityDependentDdlType@56b9d43f)
2023-11-05T17:10:18.814-05:00 DEBUG 17468 --- [           main] o.h.t.d.sql.spi.DdlTypeRegistry          : addDescriptor(-3, org.hibernate.type.descriptor.sql.internal.CapacityDependentDdlType@2d913116) replaced previous registration(org.hibernate.type.descriptor.sql.internal.CapacityDependentDdlType@1214d23c)
2023-11-05T17:10:18.814-05:00 DEBUG 17468 --- [           main] o.h.t.d.sql.spi.DdlTypeRegistry          : addDescriptor(4003, org.hibernate.type.descriptor.sql.internal.DdlTypeImpl@41582899) replaced previous registration(org.hibernate.type.descriptor.sql.internal.DdlTypeImpl@595814a1)
2023-11-05T17:10:18.815-05:00 DEBUG 17468 --- [           main] o.h.t.d.sql.spi.DdlTypeRegistry          : addDescriptor(4001, org.hibernate.type.descriptor.sql.internal.DdlTypeImpl@7de5871d) replaced previous registration(org.hibernate.type.descriptor.sql.internal.DdlTypeImpl@49d42faf)
2023-11-05T17:10:18.815-05:00 DEBUG 17468 --- [           main] o.h.t.d.sql.spi.DdlTypeRegistry          : addDescriptor(4002, org.hibernate.type.descriptor.sql.internal.DdlTypeImpl@4948daec) replaced previous registration(org.hibernate.type.descriptor.sql.internal.DdlTypeImpl@502c2278)
2023-11-05T17:10:18.815-05:00 DEBUG 17468 --- [           main] o.h.t.d.sql.spi.DdlTypeRegistry          : addDescriptor(2004, org.hibernate.type.descriptor.sql.internal.CapacityDependentDdlType@1209a0f) replaced previous registration(org.hibernate.type.descriptor.sql.internal.DdlTypeImpl@696174d3)
2023-11-05T17:10:18.815-05:00 DEBUG 17468 --- [           main] o.h.t.d.sql.spi.DdlTypeRegistry          : addDescriptor(2005, org.hibernate.type.descriptor.sql.internal.CapacityDependentDdlType@66715ca9) replaced previous registration(org.hibernate.type.descriptor.sql.internal.DdlTypeImpl@577f9dfd)
2023-11-05T17:10:18.815-05:00 DEBUG 17468 --- [           main] o.h.t.d.sql.spi.DdlTypeRegistry          : addDescriptor(2011, org.hibernate.type.descriptor.sql.internal.CapacityDependentDdlType@520a95ff) replaced previous registration(org.hibernate.type.descriptor.sql.internal.DdlTypeImpl@30afb481)
2023-11-05T17:10:18.819-05:00 DEBUG 17468 --- [           main] o.h.t.d.jdbc.spi.JdbcTypeRegistry        : addDescriptor(NCharTypeDescriptor) replaced previous registration(CharTypeDescriptor)
2023-11-05T17:10:18.819-05:00 DEBUG 17468 --- [           main] o.h.t.d.jdbc.spi.JdbcTypeRegistry        : addDescriptor(NVarcharTypeDescriptor) replaced previous registration(VarcharTypeDescriptor)
2023-11-05T17:10:18.821-05:00 DEBUG 17468 --- [           main] o.h.t.d.jdbc.spi.JdbcTypeRegistry        : addDescriptor(LongNVarcharTypeDescriptor) replaced previous registration(LongVarcharTypeDescriptor)
2023-11-05T17:10:18.828-05:00 DEBUG 17468 --- [           main] o.h.t.d.jdbc.spi.JdbcTypeRegistry        : addDescriptor(NClobTypeDescriptor(DEFAULT)) replaced previous registration(ClobTypeDescriptor(DEFAULT))
2023-11-05T17:10:18.829-05:00 DEBUG 17468 --- [           main] o.h.t.d.jdbc.spi.JdbcTypeRegistry        : addDescriptor(2005, ClobTypeDescriptor(STREAM_BINDING)) replaced previous registration(ClobTypeDescriptor(DEFAULT))
2023-11-05T17:10:18.838-05:00 DEBUG 17468 --- [           main] org.hibernate.type.BasicTypeRegistry     : Adding type registration null -> org.hibernate.type.NullType@52909a97
2023-11-05T17:10:18.838-05:00 DEBUG 17468 --- [           main] org.hibernate.type.BasicTypeRegistry     : Type registration key [null] overrode previous entry : `org.hibernate.type.NullType@36bed37a`
2023-11-05T17:10:18.853-05:00 DEBUG 17468 --- [           main] org.hibernate.type.BasicTypeRegistry     : Adding type registration org.hibernate.type.OffsetDateTimeType -> basicType@1(java.time.OffsetDateTime,3003)
2023-11-05T17:10:18.854-05:00 DEBUG 17468 --- [           main] org.hibernate.type.BasicTypeRegistry     : Adding type registration OffsetDateTime -> basicType@1(java.time.OffsetDateTime,3003)
2023-11-05T17:10:18.854-05:00 DEBUG 17468 --- [           main] org.hibernate.type.BasicTypeRegistry     : Adding type registration java.time.OffsetDateTime -> basicType@1(java.time.OffsetDateTime,3003)
2023-11-05T17:10:18.854-05:00 DEBUG 17468 --- [           main] org.hibernate.type.BasicTypeRegistry     : Adding type registration org.hibernate.type.ZonedDateTimeType -> basicType@2(java.time.ZonedDateTime,3003)
2023-11-05T17:10:18.855-05:00 DEBUG 17468 --- [           main] org.hibernate.type.BasicTypeRegistry     : Adding type registration ZonedDateTime -> basicType@2(java.time.ZonedDateTime,3003)
2023-11-05T17:10:18.855-05:00 DEBUG 17468 --- [           main] org.hibernate.type.BasicTypeRegistry     : Adding type registration java.time.ZonedDateTime -> basicType@2(java.time.ZonedDateTime,3003)
2023-11-05T17:10:18.857-05:00 DEBUG 17468 --- [           main] org.hibernate.type.BasicTypeRegistry     : Adding type registration org.hibernate.type.OffsetTimeType -> basicType@3(java.time.OffsetTime,3007)
2023-11-05T17:10:18.858-05:00 DEBUG 17468 --- [           main] org.hibernate.type.BasicTypeRegistry     : Adding type registration OffsetTime -> basicType@3(java.time.OffsetTime,3007)
2023-11-05T17:10:18.858-05:00 DEBUG 17468 --- [           main] org.hibernate.type.BasicTypeRegistry     : Adding type registration java.time.OffsetTime -> basicType@3(java.time.OffsetTime,3007)
2023-11-05T17:10:18.862-05:00 DEBUG 17468 --- [           main] o.h.type.spi.TypeConfiguration$Scope     : Scoping TypeConfiguration [org.hibernate.type.spi.TypeConfiguration@7ec13984] to MetadataBuildingContext [org.hibernate.boot.internal.MetadataBuildingContextRootImpl@14485747]
2023-11-05T17:10:19.528-05:00  INFO 17468 --- [           main] o.h.b.i.BytecodeProviderInitiator        : HHH000021: Bytecode provider name : bytebuddy
2023-11-05T17:10:21.466-05:00  INFO 17468 --- [           main] o.h.e.t.j.p.i.JtaPlatformInitiator       : HHH000490: Using JtaPlatform implementation: [org.hibernate.engine.transaction.jta.platform.internal.NoJtaPlatform]
2023-11-05T17:10:21.468-05:00 DEBUG 17468 --- [           main] o.h.type.spi.TypeConfiguration$Scope     : Scoping TypeConfiguration [org.hibernate.type.spi.TypeConfiguration@7ec13984] to SessionFactoryImplementor [org.hibernate.internal.SessionFactoryImpl@165454f7]
2023-11-05T17:10:25.390-05:00 TRACE 17468 --- [           main] o.h.type.spi.TypeConfiguration$Scope     : Handling #sessionFactoryCreated from [org.hibernate.internal.SessionFactoryImpl@165454f7] for TypeConfiguration
2023-11-05T17:10:25.392-05:00  INFO 17468 --- [           main] j.LocalContainerEntityManagerFactoryBean : Initialized JPA EntityManagerFactory for persistence unit 'default'
2023-11-05T17:10:25.911-05:00 DEBUG 17468 --- [           main] o.h.stat.internal.StatisticsInitiator    : Statistics initialized [enabled=false]
2023-11-05T17:10:26.542-05:00  INFO 17468 --- [           main] o.s.d.j.r.query.QueryEnhancerFactory     : Hibernate is in classpath; If applicable, HQL parser will be used.
2023-11-05T17:10:29.689-05:00  INFO 17468 --- [           main] c.e.Actividad01EmpleadoApplicationTests  : Started Actividad01EmpleadoApplicationTests in 24.31 seconds (process running for 27.759)
]]></system-out>
  </testcase>
</testsuite>